
404 error at 03-03-2021 19:09:07: http://localhost/this_route_dont_exists/
404 error at 04-03-2021 17:09:29: http://localhost/this_route_dont_exists/
404 error at 04-03-2021 18:18:02: http://localhost/this_route_dont_exists/
404 error at 05-03-2021 15:10:37: http://localhost/this_route_dont_exists/
404 error at 07-03-2021 14:48:54: http://localhost/this_route_dont_exists/
404 error at 08-03-2021 13:22:11: http://localhost/api/v1/tasks/
404 error at 08-03-2021 13:22:12: http://localhost/this_route_dont_exists/
404 error at 08-03-2021 13:23:45: http://localhost/api/v1/tasks/
404 error at 08-03-2021 13:23:46: http://localhost/this_route_dont_exists/
404 error at 08-03-2021 13:25:27: http://localhost/api/v1/tasks/
404 error at 08-03-2021 13:25:28: http://localhost/this_route_dont_exists/
404 error at 08-03-2021 13:26:28: http://0.0.0.0:5000/favicon.ico
404 error at 08-03-2021 13:26:32: http://0.0.0.0:5000/api/v1/tasks/
404 error at 08-03-2021 13:27:06: http://localhost/api/v1/tasks/209
404 error at 08-03-2021 13:27:07: http://localhost/api/v1/tasks/2
404 error at 08-03-2021 13:27:07: http://localhost/this_route_dont_exists/
404 error at 08-03-2021 13:29:19: http://localhost/api/v1/tasks/209
404 error at 08-03-2021 13:29:19: http://localhost/api/v1/tasks/2
404 error at 08-03-2021 13:29:20: http://localhost/this_route_dont_exists/
404 error at 08-03-2021 13:29:59: http://localhost/api/v1/tasks/209
404 error at 08-03-2021 13:29:59: http://localhost/api/v1/tasks/2
404 error at 08-03-2021 13:29:59: http://localhost/this_route_dont_exists/
404 error at 08-03-2021 13:38:27: http://localhost/api/v1/tasks/209
404 error at 08-03-2021 13:38:27: http://localhost/api/v1/tasks/2
404 error at 08-03-2021 13:38:27: http://localhost/this_route_dont_exists/
404 error at 08-03-2021 13:40:48: http://localhost/api/v1/tasks/209
404 error at 08-03-2021 13:40:48: http://localhost/api/v1/tasks/2
404 error at 08-03-2021 13:40:48: http://localhost/this_route_dont_exists/
404 error at 08-03-2021 13:41:55: http://localhost/api/v1/tasks/209
404 error at 08-03-2021 13:41:56: http://localhost/api/v1/tasks/2
404 error at 08-03-2021 13:41:56: http://localhost/this_route_dont_exists/
404 error at 08-03-2021 13:45:05: http://localhost/api/v1/tasks/209
404 error at 08-03-2021 13:45:05: http://localhost/api/v1/tasks/2
404 error at 08-03-2021 13:45:05: http://localhost/this_route_dont_exists/
404 error at 08-03-2021 13:45:52: http://localhost/api/v1/tasks/209
404 error at 08-03-2021 13:45:52: http://localhost/api/v1/tasks/2
404 error at 08-03-2021 13:45:52: http://localhost/this_route_dont_exists/
404 error at 08-03-2021 13:46:50: http://localhost/api/v1/tasks/209
404 error at 08-03-2021 13:46:51: http://localhost/api/v1/tasks/2
404 error at 08-03-2021 13:46:51: http://localhost/this_route_dont_exists/
404 error at 08-03-2021 13:48:42: http://localhost/api/v1/tasks/209
404 error at 08-03-2021 13:48:42: http://localhost/api/v1/tasks/2
404 error at 08-03-2021 13:48:42: http://localhost/this_route_dont_exists/
404 error at 08-03-2021 13:50:05: http://localhost/this_route_dont_exists/
404 error at 08-03-2021 13:50:47: http://localhost/this_route_dont_exists/
404 error at 09-03-2021 09:08:47: http://localhost/this_route_dont_exists/